生成启动时间为 2017/11/4 16:00:45。
     1>项目“D:\小球阵列项目\程序\BallArray\BallArray\BallArray.vcxproj”在节点 2 上(Build 个目标)。
     1>ClCompile:
         C:\Program Files (x86)\Microsoft Visual Studio 12.0\VC\bin\CL.exe /c /ZI /nologo /W3 /WX- /sdl /Od /Oy- /D WIN32 /D _WINDOWS /D _DEBUG /D _UNICODE /D UNICODE /Gm /EHsc /RTC1 /MTd /GS /fp:precise /Zc:wchar_t /Zc:forScope /Yu"stdafx.h" /Fp"Debug\BallArray.pch" /Fo"Debug\\" /Fd"Debug\vc120.pdb" /Gd /TP /analyze- /errorReport:prompt  /D _CRT_SECURE_NO_WARNINGS ControlView.cpp
         ControlView.cpp
     1>d:\小球阵列项目\程序\ballarray\ballarray\controlview.cpp(558): warning C4244: “初始化”: 从“double”转换到“int”，可能丢失数据
     1>d:\小球阵列项目\程序\ballarray\ballarray\controlview.cpp(559): warning C4244: “初始化”: 从“double”转换到“int”，可能丢失数据
       Link:
         C:\Program Files (x86)\Microsoft Visual Studio 12.0\VC\bin\link.exe /ERRORREPORT:PROMPT /OUT:"D:\小球阵列项目\程序\BallArray\Debug\BallArray.exe" /INCREMENTAL /NOLOGO /LIBPATH:.\Include\TcAdsDll.lib .\Include\TcAdsDll.lib /MANIFEST /MANIFESTUAC:"level='asInvoker' uiAccess='false'" /manifest:embed /manifestinput:"C:\Program Files (x86)\Microsoft Visual Studio 12.0\VC\Include\Manifest\dpiaware.manifest" /DEBUG /PDB:"D:\小球阵列项目\程序\BallArray\Debug\BallArray.pdb" /SUBSYSTEM:WINDOWS /TLBID:1 /ENTRY:"wWinMainCRTStartup" /DYNAMICBASE /NXCOMPAT /IMPLIB:"D:\小球阵列项目\程序\BallArray\Debug\BallArray.lib" /MACHINE:X86 Debug\BallArray.res
         Debug\3DView.obj
         Debug\AddCurveDlg.obj
         Debug\ADSConnect.obj
         Debug\Ball.obj
         Debug\BallArray.obj
         Debug\BallArrayView.obj
         Debug\BallCurve.obj
         Debug\ChildView.obj
         Debug\ColorCtrl.obj
         Debug\ColorList.obj
         Debug\ControlView.obj
         Debug\CurveData.obj
         Debug\MainFrm.obj
         Debug\ModifyDlg.obj
         Debug\MyConstMeth.obj
         Debug\MySplitterWnd.obj
         Debug\NewProjectDlg.obj
         Debug\stdafx.obj
         Debug\TCPServerDlg.obj
         BallArray.vcxproj -> D:\小球阵列项目\程序\BallArray\Debug\BallArray.exe
     1>已完成生成项目“D:\小球阵列项目\程序\BallArray\BallArray\BallArray.vcxproj”(Build 个目标)的操作。

生成成功。

已用时间 00:00:02.33
