d:\小球阵列项目\程序\ballarray\ballarray\debug\ballarray.pch
d:\小球阵列项目\程序\ballarray\ballarray\debug\vc120.pdb
d:\小球阵列项目\程序\ballarray\ballarray\debug\vc120.idb
d:\小球阵列项目\程序\ballarray\ballarray\debug\stdafx.obj
d:\小球阵列项目\程序\ballarray\ballarray\debug\3dview.obj
d:\小球阵列项目\程序\ballarray\ballarray\debug\addcurvedlg.obj
d:\小球阵列项目\程序\ballarray\ballarray\debug\adsconnect.obj
d:\小球阵列项目\程序\ballarray\ballarray\debug\ball.obj
d:\小球阵列项目\程序\ballarray\ballarray\debug\ballarray.obj
d:\小球阵列项目\程序\ballarray\ballarray\debug\ballarrayview.obj
d:\小球阵列项目\程序\ballarray\ballarray\debug\ballcurve.obj
d:\小球阵列项目\程序\ballarray\ballarray\debug\childview.obj
d:\小球阵列项目\程序\ballarray\ballarray\debug\colorctrl.obj
d:\小球阵列项目\程序\ballarray\ballarray\debug\colorlist.obj
d:\小球阵列项目\程序\ballarray\ballarray\debug\controlview.obj
d:\小球阵列项目\程序\ballarray\ballarray\debug\curvedata.obj
d:\小球阵列项目\程序\ballarray\ballarray\debug\mainfrm.obj
d:\小球阵列项目\程序\ballarray\ballarray\debug\modifydlg.obj
d:\小球阵列项目\程序\ballarray\ballarray\debug\myconstmeth.obj
d:\小球阵列项目\程序\ballarray\ballarray\debug\mysplitterwnd.obj
d:\小球阵列项目\程序\ballarray\ballarray\debug\newprojectdlg.obj
d:\小球阵列项目\程序\ballarray\ballarray\debug\ballarray.tlog\cl.command.1.tlog
d:\小球阵列项目\程序\ballarray\ballarray\debug\ballarray.tlog\cl.read.1.tlog
d:\小球阵列项目\程序\ballarray\ballarray\debug\ballarray.tlog\cl.write.1.tlog
